
*** Running vivado
    with args -log Matrix_multi.vds -m64 -product Vivado -mode batch -messageDb vivado.pb -notrace -source Matrix_multi.tcl



****** Vivado v2024.2 (64-bit)
  **** SW Build 5239630 on Fri Nov 08 22:35:27 MST 2024
  **** IP Build 5239520 on Sun Nov 10 16:12:51 MST 2024
  **** SharedData Build 5239561 on Fri Nov 08 14:39:27 MST 2024
  **** Start of session at: Wed Aug 20 22:43:21 2025
    ** Copyright 1986-2022 Xilinx, Inc. All Rights Reserved.
    ** Copyright 2022-2024 Advanced Micro Devices, Inc. All Rights Reserved.

source Matrix_multi.tcl -notrace
Command: read_checkpoint -auto_incremental -incremental C:/Users/pc/Documents/vivado/ASS_HDL/ASS_HDL.srcs/utils_1/imports/synth_1/Matrix_multi.dcp
INFO: [Vivado 12-5825] Read reference checkpoint from C:/Users/pc/Documents/vivado/ASS_HDL/ASS_HDL.srcs/utils_1/imports/synth_1/Matrix_multi.dcp for incremental synthesis
INFO: [Vivado 12-7989] Please ensure there are no constraint changes
Command: synth_design -top Matrix_multi -part xc7z020clg400-1
Starting synth_design
Attempting to get a license for feature 'Synthesis' and/or device 'xc7z020'
INFO: [Common 17-349] Got license for feature 'Synthesis' and/or device 'xc7z020'
INFO: [Device 21-403] Loading part xc7z020clg400-1
INFO: [Synth 8-7079] Multithreading enabled for synth_design using a maximum of 2 processes.
INFO: [Synth 8-7078] Launching helper process for spawning children vivado processes
INFO: [Synth 8-7075] Helper process launched with PID 49496
---------------------------------------------------------------------------------
Starting RTL Elaboration : Time (s): cpu = 00:00:06 ; elapsed = 00:00:08 . Memory (MB): peak = 1029.090 ; gain = 465.562
---------------------------------------------------------------------------------
INFO: [Synth 8-6157] synthesizing module 'Matrix_multi' [C:/Users/pc/Documents/vivado/ASS_HDL/ASS_HDL.srcs/sources_1/new/ASS_HDL.v:1]
INFO: [Synth 8-6157] synthesizing module 'Booth_Multiplier_4xA' [C:/Users/pc/Documents/vivado/ASS_HDL/ASS_HDL.srcs/sources_1/new/ASS_HDL.v:136]
	Parameter N bound to: 8 - type: integer 
INFO: [Synth 8-226] default block is never used [C:/Users/pc/Documents/vivado/ASS_HDL/ASS_HDL.srcs/sources_1/new/ASS_HDL.v:229]
INFO: [Synth 8-6155] done synthesizing module 'Booth_Multiplier_4xA' (0#1) [C:/Users/pc/Documents/vivado/ASS_HDL/ASS_HDL.srcs/sources_1/new/ASS_HDL.v:136]
INFO: [Synth 8-155] case statement is not full and has no default [C:/Users/pc/Documents/vivado/ASS_HDL/ASS_HDL.srcs/sources_1/new/ASS_HDL.v:85]
INFO: [Synth 8-6155] done synthesizing module 'Matrix_multi' (0#1) [C:/Users/pc/Documents/vivado/ASS_HDL/ASS_HDL.srcs/sources_1/new/ASS_HDL.v:1]
---------------------------------------------------------------------------------
Finished RTL Elaboration : Time (s): cpu = 00:00:08 ; elapsed = 00:00:10 . Memory (MB): peak = 1142.473 ; gain = 578.945
---------------------------------------------------------------------------------
---------------------------------------------------------------------------------
Start Handling Custom Attributes
---------------------------------------------------------------------------------
---------------------------------------------------------------------------------
Finished Handling Custom Attributes : Time (s): cpu = 00:00:08 ; elapsed = 00:00:10 . Memory (MB): peak = 1142.473 ; gain = 578.945
---------------------------------------------------------------------------------
---------------------------------------------------------------------------------
Finished RTL Optimization Phase 1 : Time (s): cpu = 00:00:08 ; elapsed = 00:00:10 . Memory (MB): peak = 1142.473 ; gain = 578.945
---------------------------------------------------------------------------------
Netlist sorting complete. Time (s): cpu = 00:00:00 ; elapsed = 00:00:00.008 . Memory (MB): peak = 1142.473 ; gain = 0.000
INFO: [Project 1-570] Preparing netlist for logic optimization

Processing XDC Constraints
Initializing timing engine
Parsing XDC File [C:/Users/pc/Downloads/Arty-Z7-20-Master.xdc]
WARNING: [Vivado 12-584] No ports matched 'led[0]'. [C:/Users/pc/Downloads/Arty-Z7-20-Master.xdc:23]
CRITICAL WARNING: [Common 17-55] 'set_property' expects at least one object. [C:/Users/pc/Downloads/Arty-Z7-20-Master.xdc:23]
Resolution: If [get_<value>] was used to populate the object, check to make sure this command returns at least one valid object.
WARNING: [Vivado 12-584] No ports matched 'led[1]'. [C:/Users/pc/Downloads/Arty-Z7-20-Master.xdc:24]
CRITICAL WARNING: [Common 17-55] 'set_property' expects at least one object. [C:/Users/pc/Downloads/Arty-Z7-20-Master.xdc:24]
Resolution: If [get_<value>] was used to populate the object, check to make sure this command returns at least one valid object.
WARNING: [Vivado 12-584] No ports matched 'led[2]'. [C:/Users/pc/Downloads/Arty-Z7-20-Master.xdc:25]
CRITICAL WARNING: [Common 17-55] 'set_property' expects at least one object. [C:/Users/pc/Downloads/Arty-Z7-20-Master.xdc:25]
Resolution: If [get_<value>] was used to populate the object, check to make sure this command returns at least one valid object.
WARNING: [Vivado 12-584] No ports matched 'led[3]'. [C:/Users/pc/Downloads/Arty-Z7-20-Master.xdc:26]
CRITICAL WARNING: [Common 17-55] 'set_property' expects at least one object. [C:/Users/pc/Downloads/Arty-Z7-20-Master.xdc:26]
Resolution: If [get_<value>] was used to populate the object, check to make sure this command returns at least one valid object.
WARNING: [Vivado 12-584] No ports matched 'btn[0]'. [C:/Users/pc/Downloads/Arty-Z7-20-Master.xdc:29]
CRITICAL WARNING: [Common 17-55] 'set_property' expects at least one object. [C:/Users/pc/Downloads/Arty-Z7-20-Master.xdc:29]
Resolution: If [get_<value>] was used to populate the object, check to make sure this command returns at least one valid object.
WARNING: [Vivado 12-584] No ports matched 'btn[1]'. [C:/Users/pc/Downloads/Arty-Z7-20-Master.xdc:30]
CRITICAL WARNING: [Common 17-55] 'set_property' expects at least one object. [C:/Users/pc/Downloads/Arty-Z7-20-Master.xdc:30]
Resolution: If [get_<value>] was used to populate the object, check to make sure this command returns at least one valid object.
WARNING: [Vivado 12-584] No ports matched 'btn[2]'. [C:/Users/pc/Downloads/Arty-Z7-20-Master.xdc:31]
CRITICAL WARNING: [Common 17-55] 'set_property' expects at least one object. [C:/Users/pc/Downloads/Arty-Z7-20-Master.xdc:31]
Resolution: If [get_<value>] was used to populate the object, check to make sure this command returns at least one valid object.
WARNING: [Vivado 12-584] No ports matched 'btn[3]'. [C:/Users/pc/Downloads/Arty-Z7-20-Master.xdc:32]
CRITICAL WARNING: [Common 17-55] 'set_property' expects at least one object. [C:/Users/pc/Downloads/Arty-Z7-20-Master.xdc:32]
Resolution: If [get_<value>] was used to populate the object, check to make sure this command returns at least one valid object.
Finished Parsing XDC File [C:/Users/pc/Downloads/Arty-Z7-20-Master.xdc]
Completed Processing XDC Constraints

Netlist sorting complete. Time (s): cpu = 00:00:00 ; elapsed = 00:00:00.001 . Memory (MB): peak = 1245.484 ; gain = 0.000
INFO: [Project 1-111] Unisim Transformation Summary:
No Unisim elements were transformed.

Constraint Validation Runtime : Time (s): cpu = 00:00:00 ; elapsed = 00:00:00.009 . Memory (MB): peak = 1245.484 ; gain = 0.000
---------------------------------------------------------------------------------
Finished Constraint Validation : Time (s): cpu = 00:00:16 ; elapsed = 00:00:19 . Memory (MB): peak = 1245.484 ; gain = 681.957
---------------------------------------------------------------------------------
---------------------------------------------------------------------------------
Start Loading Part and Timing Information
---------------------------------------------------------------------------------
Loading part: xc7z020clg400-1
---------------------------------------------------------------------------------
Finished Loading Part and Timing Information : Time (s): cpu = 00:00:16 ; elapsed = 00:00:19 . Memory (MB): peak = 1245.484 ; gain = 681.957
---------------------------------------------------------------------------------
---------------------------------------------------------------------------------
Start Applying 'set_property' XDC Constraints
---------------------------------------------------------------------------------
---------------------------------------------------------------------------------
Finished applying 'set_property' XDC Constraints : Time (s): cpu = 00:00:16 ; elapsed = 00:00:19 . Memory (MB): peak = 1245.484 ; gain = 681.957
---------------------------------------------------------------------------------
---------------------------------------------------------------------------------
Start Preparing Guide Design
---------------------------------------------------------------------------------
CRITICAL WARNING: [Synth 8-6895] The reference checkpoint C:/Users/pc/Documents/vivado/ASS_HDL/ASS_HDL.srcs/utils_1/imports/synth_1/Matrix_multi.dcp is not suitable for use with incremental synthesis for this design. Please regenerate the checkpoint for this design with -incremental_synth switch in the same Vivado session that synth_design has been run. Synthesis will continue with the default flow
---------------------------------------------------------------------------------
Finished Doing Graph Differ : Time (s): cpu = 00:00:16 ; elapsed = 00:00:20 . Memory (MB): peak = 1245.484 ; gain = 681.957
---------------------------------------------------------------------------------
---------------------------------------------------------------------------------
Finished Preparing Guide Design : Time (s): cpu = 00:00:16 ; elapsed = 00:00:20 . Memory (MB): peak = 1245.484 ; gain = 681.957
---------------------------------------------------------------------------------
INFO: [Synth 8-802] inferred FSM for state register 'state_reg' in module 'Matrix_multi'
---------------------------------------------------------------------------------------------------
                   State |                     New Encoding |                Previous Encoding 
---------------------------------------------------------------------------------------------------
                    IDLE |                            00001 |                              000
                  LOAD_A |                            00010 |                              001
                  LOAD_B |                            00100 |                              010
                 COMPUTE |                            01000 |                              011
                  OUTPUT |                            10000 |                              100
---------------------------------------------------------------------------------------------------
INFO: [Synth 8-3354] encoded FSM with state register 'state_reg' using encoding 'one-hot' in module 'Matrix_multi'
---------------------------------------------------------------------------------
Finished RTL Optimization Phase 2 : Time (s): cpu = 00:00:17 ; elapsed = 00:00:20 . Memory (MB): peak = 1245.484 ; gain = 681.957
---------------------------------------------------------------------------------


Incremental Synthesis Report Summary:

1. Incremental synthesis run: no

   Reason for not running incremental synthesis : 


INFO: [Synth 8-7130] Flow is switching to default flow due to incremental criteria not met. If you would like to alter this behaviour and have the flow terminate instead, please set the following parameter config_implementation {autoIncr.Synth.RejectBehavior Terminate}
---------------------------------------------------------------------------------
Start RTL Component Statistics 
---------------------------------------------------------------------------------
Detailed RTL Component Info : 
+---Adders : 
	   4 Input   17 Bit       Adders := 1     
	   5 Input   12 Bit       Adders := 4     
	   2 Input    6 Bit       Adders := 1     
	   2 Input    5 Bit       Adders := 4     
	   2 Input    4 Bit       Adders := 1     
	   2 Input    2 Bit       Adders := 1     
+---Registers : 
	               20 Bit    Registers := 4     
	               17 Bit    Registers := 1     
	               16 Bit    Registers := 4     
	               12 Bit    Registers := 4     
	                8 Bit    Registers := 16    
	                5 Bit    Registers := 4     
	                2 Bit    Registers := 1     
	                1 Bit    Registers := 9     
+---RAMs : 
	              128 Bit	(16 X 8 bit)          RAMs := 1     
+---Muxes : 
	   3 Input   20 Bit        Muxes := 4     
	   2 Input   20 Bit        Muxes := 4     
	   5 Input    6 Bit        Muxes := 1     
	   3 Input    5 Bit        Muxes := 4     
	   5 Input    5 Bit        Muxes := 1     
	   2 Input    5 Bit        Muxes := 1     
	   5 Input    4 Bit        Muxes := 1     
	   2 Input    2 Bit        Muxes := 1     
	   5 Input    2 Bit        Muxes := 1     
	   2 Input    1 Bit        Muxes := 32    
	  31 Input    1 Bit        Muxes := 4     
	   5 Input    1 Bit        Muxes := 30    
---------------------------------------------------------------------------------
Finished RTL Component Statistics 
---------------------------------------------------------------------------------
---------------------------------------------------------------------------------
Start Part Resource Summary
---------------------------------------------------------------------------------
Part Resources:
DSPs: 220 (col length:60)
BRAMs: 280 (col length: RAMB18 60 RAMB36 30)
---------------------------------------------------------------------------------
Finished Part Resource Summary
---------------------------------------------------------------------------------
---------------------------------------------------------------------------------
Start Cross Boundary and Area Optimization
---------------------------------------------------------------------------------
WARNING: [Synth 8-7080] Parallel synthesis criteria is not met
---------------------------------------------------------------------------------
Finished Cross Boundary and Area Optimization : Time (s): cpu = 00:00:20 ; elapsed = 00:00:24 . Memory (MB): peak = 1245.484 ; gain = 681.957
---------------------------------------------------------------------------------
---------------------------------------------------------------------------------
Start ROM, RAM, DSP, Shift Register and Retiming Reporting
---------------------------------------------------------------------------------

ROM: Preliminary Mapping Report
+---------------------+-------------+---------------+----------------+
|Module Name          | RTL Object  | Depth x Width | Implemented As | 
+---------------------+-------------+---------------+----------------+
|Booth_Multiplier_4xA | En_B        | 32x1          | LUT            | 
|Booth_Multiplier_4xA | PnM_B       | 32x1          | LUT            | 
|Booth_Multiplier_4xA | En_C        | 32x1          | LUT            | 
|Booth_Multiplier_4xA | M_Sel_C     | 32x1          | LUT            | 
|Booth_Multiplier_4xA | PnM_C       | 32x1          | LUT            | 
|Matrix_multi         | bw0/En_B    | 32x1          | LUT            | 
|Matrix_multi         | bw0/PnM_B   | 32x1          | LUT            | 
|Matrix_multi         | bw0/En_C    | 32x1          | LUT            | 
|Matrix_multi         | bw0/M_Sel_C | 32x1          | LUT            | 
|Matrix_multi         | bw0/PnM_C   | 32x1          | LUT            | 
|Matrix_multi         | bw1/En_B    | 32x1          | LUT            | 
|Matrix_multi         | bw1/PnM_B   | 32x1          | LUT            | 
|Matrix_multi         | bw1/En_C    | 32x1          | LUT            | 
|Matrix_multi         | bw1/M_Sel_C | 32x1          | LUT            | 
|Matrix_multi         | bw1/PnM_C   | 32x1          | LUT            | 
|Matrix_multi         | bw2/En_B    | 32x1          | LUT            | 
|Matrix_multi         | bw2/PnM_B   | 32x1          | LUT            | 
|Matrix_multi         | bw2/En_C    | 32x1          | LUT            | 
|Matrix_multi         | bw2/M_Sel_C | 32x1          | LUT            | 
|Matrix_multi         | bw2/PnM_C   | 32x1          | LUT            | 
|Matrix_multi         | bw3/En_B    | 32x1          | LUT            | 
|Matrix_multi         | bw3/PnM_B   | 32x1          | LUT            | 
|Matrix_multi         | bw3/En_C    | 32x1          | LUT            | 
|Matrix_multi         | bw3/M_Sel_C | 32x1          | LUT            | 
|Matrix_multi         | bw3/PnM_C   | 32x1          | LUT            | 
+---------------------+-------------+---------------+----------------+


Distributed RAM: Preliminary Mapping Report (see note below)
+-------------+------------+-----------+----------------------+-------------+
|Module Name  | RTL Object | Inference | Size (Depth x Width) | Primitives  | 
+-------------+------------+-----------+----------------------+-------------+
|Matrix_multi | B_reg      | Implied   | 16 x 8               | RAM32M x 8  | 
+-------------+------------+-----------+----------------------+-------------+

Note: The table above is a preliminary report that shows the Distributed RAMs at the current stage of the synthesis flow. Some Distributed RAMs may be reimplemented as non Distributed RAM primitives later in the synthesis flow. Multiple instantiated RAMs are reported only once.
---------------------------------------------------------------------------------
Finished ROM, RAM, DSP, Shift Register and Retiming Reporting
---------------------------------------------------------------------------------
---------------------------------------------------------------------------------
Start Applying XDC Timing Constraints
---------------------------------------------------------------------------------
---------------------------------------------------------------------------------
Finished Applying XDC Timing Constraints : Time (s): cpu = 00:00:27 ; elapsed = 00:00:31 . Memory (MB): peak = 1340.508 ; gain = 776.980
---------------------------------------------------------------------------------
---------------------------------------------------------------------------------
Start Timing Optimization
---------------------------------------------------------------------------------
---------------------------------------------------------------------------------
Finished Timing Optimization : Time (s): cpu = 00:00:27 ; elapsed = 00:00:32 . Memory (MB): peak = 1341.250 ; gain = 777.723
---------------------------------------------------------------------------------
---------------------------------------------------------------------------------
Start ROM, RAM, DSP, Shift Register and Retiming Reporting
---------------------------------------------------------------------------------

Distributed RAM: Final Mapping Report
+-------------+------------+-----------+----------------------+-------------+
|Module Name  | RTL Object | Inference | Size (Depth x Width) | Primitives  | 
+-------------+------------+-----------+----------------------+-------------+
|Matrix_multi | B_reg      | Implied   | 16 x 8               | RAM32M x 8  | 
+-------------+------------+-----------+----------------------+-------------+

---------------------------------------------------------------------------------
Finished ROM, RAM, DSP, Shift Register and Retiming Reporting
---------------------------------------------------------------------------------
---------------------------------------------------------------------------------
Start Technology Mapping
---------------------------------------------------------------------------------
---------------------------------------------------------------------------------
Finished Technology Mapping : Time (s): cpu = 00:00:27 ; elapsed = 00:00:32 . Memory (MB): peak = 1360.328 ; gain = 796.801
---------------------------------------------------------------------------------
---------------------------------------------------------------------------------
Start IO Insertion
---------------------------------------------------------------------------------
---------------------------------------------------------------------------------
Start Flattening Before IO Insertion
---------------------------------------------------------------------------------
---------------------------------------------------------------------------------
Finished Flattening Before IO Insertion
---------------------------------------------------------------------------------
---------------------------------------------------------------------------------
Start Final Netlist Cleanup
---------------------------------------------------------------------------------
---------------------------------------------------------------------------------
Finished Final Netlist Cleanup
---------------------------------------------------------------------------------
---------------------------------------------------------------------------------
Finished IO Insertion : Time (s): cpu = 00:00:31 ; elapsed = 00:00:36 . Memory (MB): peak = 1565.645 ; gain = 1002.117
---------------------------------------------------------------------------------
---------------------------------------------------------------------------------
Start Renaming Generated Instances
---------------------------------------------------------------------------------
---------------------------------------------------------------------------------
Finished Renaming Generated Instances : Time (s): cpu = 00:00:31 ; elapsed = 00:00:36 . Memory (MB): peak = 1565.645 ; gain = 1002.117
---------------------------------------------------------------------------------
---------------------------------------------------------------------------------
Start Rebuilding User Hierarchy
---------------------------------------------------------------------------------
---------------------------------------------------------------------------------
Finished Rebuilding User Hierarchy : Time (s): cpu = 00:00:31 ; elapsed = 00:00:36 . Memory (MB): peak = 1565.645 ; gain = 1002.117
---------------------------------------------------------------------------------
---------------------------------------------------------------------------------
Start Renaming Generated Ports
---------------------------------------------------------------------------------
---------------------------------------------------------------------------------
Finished Renaming Generated Ports : Time (s): cpu = 00:00:31 ; elapsed = 00:00:36 . Memory (MB): peak = 1565.645 ; gain = 1002.117
---------------------------------------------------------------------------------
---------------------------------------------------------------------------------
Start Handling Custom Attributes
---------------------------------------------------------------------------------
---------------------------------------------------------------------------------
Finished Handling Custom Attributes : Time (s): cpu = 00:00:31 ; elapsed = 00:00:36 . Memory (MB): peak = 1565.645 ; gain = 1002.117
---------------------------------------------------------------------------------
---------------------------------------------------------------------------------
Start Renaming Generated Nets
---------------------------------------------------------------------------------
---------------------------------------------------------------------------------
Finished Renaming Generated Nets : Time (s): cpu = 00:00:31 ; elapsed = 00:00:36 . Memory (MB): peak = 1565.645 ; gain = 1002.117
---------------------------------------------------------------------------------
---------------------------------------------------------------------------------
Start Writing Synthesis Report
---------------------------------------------------------------------------------

Report BlackBoxes: 
+-+--------------+----------+
| |BlackBox name |Instances |
+-+--------------+----------+
+-+--------------+----------+

Report Cell Usage: 
+------+---------+------+
|      |Cell     |Count |
+------+---------+------+
|1     |BUFG     |     1|
|2     |CARRY4   |    29|
|3     |LUT1     |     4|
|4     |LUT2     |    15|
|5     |LUT3     |    75|
|6     |LUT4     |    44|
|7     |LUT5     |    53|
|8     |LUT6     |   109|
|9     |RAM32M   |     4|
|10    |RAM32X1D |     8|
|11    |FDRE     |   334|
|12    |FDSE     |     1|
|13    |IBUF     |    11|
|14    |OBUF     |    17|
+------+---------+------+
---------------------------------------------------------------------------------
Finished Writing Synthesis Report : Time (s): cpu = 00:00:31 ; elapsed = 00:00:36 . Memory (MB): peak = 1565.645 ; gain = 1002.117
---------------------------------------------------------------------------------
Synthesis finished with 0 errors, 1 critical warnings and 1 warnings.
Synthesis Optimization Runtime : Time (s): cpu = 00:00:21 ; elapsed = 00:00:34 . Memory (MB): peak = 1565.645 ; gain = 899.105
Synthesis Optimization Complete : Time (s): cpu = 00:00:31 ; elapsed = 00:00:37 . Memory (MB): peak = 1565.645 ; gain = 1002.117
INFO: [Project 1-571] Translating synthesized netlist
Netlist sorting complete. Time (s): cpu = 00:00:00 ; elapsed = 00:00:00.007 . Memory (MB): peak = 1565.645 ; gain = 0.000
INFO: [Netlist 29-17] Analyzing 41 Unisim elements for replacement
INFO: [Netlist 29-28] Unisim Transformation completed in 0 CPU seconds
INFO: [Project 1-570] Preparing netlist for logic optimization
INFO: [Opt 31-138] Pushed 0 inverter(s) to 0 load pin(s).
Netlist sorting complete. Time (s): cpu = 00:00:00 ; elapsed = 00:00:00 . Memory (MB): peak = 1565.645 ; gain = 0.000
INFO: [Project 1-111] Unisim Transformation Summary:
  A total of 12 instances were transformed.
  RAM32M => RAM32M (RAMD32(x6), RAMS32(x2)): 4 instances
  RAM32X1D => RAM32X1D (RAMD32(x2)): 8 instances

Synth Design complete | Checksum: 9e33bdc9
INFO: [Common 17-83] Releasing license: Synthesis
25 Infos, 9 Warnings, 9 Critical Warnings and 0 Errors encountered.
synth_design completed successfully
synth_design: Time (s): cpu = 00:00:37 ; elapsed = 00:00:57 . Memory (MB): peak = 1565.645 ; gain = 1236.730
INFO: [runtcl-6] Synthesis results are not added to the cache due to CRITICAL_WARNING
Write ShapeDB Complete: Time (s): cpu = 00:00:00 ; elapsed = 00:00:00.002 . Memory (MB): peak = 1565.645 ; gain = 0.000
INFO: [Common 17-1381] The checkpoint 'C:/Users/pc/Documents/vivado/ASS_HDL/ASS_HDL.runs/synth_1/Matrix_multi.dcp' has been generated.
INFO: [Vivado 12-24828] Executing command : report_utilization -file Matrix_multi_utilization_synth.rpt -pb Matrix_multi_utilization_synth.pb
INFO: [Common 17-206] Exiting Vivado at Wed Aug 20 22:44:24 2025...
